<?xml version="1.0" encoding="UTF-8"?>
<!-- Generated by org.testng.reporters.JUnitReportReporter -->
<testsuite skipped="0" hostname="DESKTOP-KM30SPA" name="testCasesOfTricentisAutomationModule.TC_AM_EnterVehicleData_004" tests="1" failures="0" timestamp="2023-01-22T21:47:10 IST" time="3.722" errors="0">
  <testcase name="make" time="3.722" classname="testCasesOfTricentisAutomationModule.TC_AM_EnterVehicleData_004"/>
  <system-out>
Automobile module page is displayed successfully Make dropdown is Multiple: false  </system-out>
</testsuite> <!-- testCasesOfTricentisAutomationModule.TC_AM_EnterVehicleData_004 -->
