<?xml version="1.0" encoding="UTF-8"?>
<!-- Generated by org.testng.reporters.JUnitReportReporter -->
<testsuite skipped="0" hostname="DESKTOP-KM30SPA" name="testCasesOfTricentisAutomationModule.TC_AM_EnterVehicleData_003" tests="1" failures="0" timestamp="2023-01-22T21:38:09 IST" time="6.392" errors="0">
  <testcase name="make" time="6.392" classname="testCasesOfTricentisAutomationModule.TC_AM_EnterVehicleData_003"/>
  <system-out>
Automobile module page is displayed successfully Make dropdown options are matched with the requriment  </system-out>
</testsuite> <!-- testCasesOfTricentisAutomationModule.TC_AM_EnterVehicleData_003 -->
