<?xml version="1.0" encoding="UTF-8"?>
<!-- Generated by org.testng.reporters.JUnitReportReporter -->
<testsuite skipped="0" hostname="DESKTOP-KM30SPA" name="testCasesOfTricentisAutomationModule.TC_AM_EnterVehicleData_005" tests="1" failures="0" timestamp="2023-01-23T09:23:22 IST" time="14.677" errors="0">
  <testcase name="make" time="14.677" classname="testCasesOfTricentisAutomationModule.TC_AM_EnterVehicleData_005"/>
  <system-out>
Automobile module page is displayed successfully Audi BMW Ford Honda Mazda Mercedes Benz Nissan Opel Porsche Renault Skoda Suzuki Toyota Volkswagen Volvo Selected options are displayed properly   </system-out>
</testsuite> <!-- testCasesOfTricentisAutomationModule.TC_AM_EnterVehicleData_005 -->
