<?xml version="1.0" encoding="UTF-8"?>
<!-- Generated by org.testng.reporters.JUnitReportReporter -->
<testsuite skipped="0" hostname="DESKTOP-KM30SPA" name="testCasesOfTricentisAutomationModule.TC_AM_EnterVehicleData_009" tests="5" failures="0" timestamp="2023-01-23T10:31:43 IST" time="9.867" errors="0">
  <testcase name="enginePerformance" time="2.734" classname="testCasesOfTricentisAutomationModule.TC_AM_EnterVehicleData_009"/>
  <system-out>
Automobile module page is displayed successfully  </system-out>
  <testcase name="enginePerformance" time="2.975" classname="testCasesOfTricentisAutomationModule.TC_AM_EnterVehicleData_009"/>
  <system-out>
Automobile module page is displayed successfully  </system-out>
  <testcase name="enginePerformance" time="0.672" classname="testCasesOfTricentisAutomationModule.TC_AM_EnterVehicleData_009"/>
  <system-out>
Automobile module page is displayed successfully  </system-out>
  <testcase name="enginePerformance" time="2.736" classname="testCasesOfTricentisAutomationModule.TC_AM_EnterVehicleData_009"/>
  <system-out>
Automobile module page is displayed successfully  </system-out>
  <testcase name="enginePerformance" time="0.750" classname="testCasesOfTricentisAutomationModule.TC_AM_EnterVehicleData_009"/>
  <system-out>
Automobile module page is displayed successfully  </system-out>
</testsuite> <!-- testCasesOfTricentisAutomationModule.TC_AM_EnterVehicleData_009 -->
