<?xml version="1.0" encoding="UTF-8"?>
<!-- Generated by org.testng.reporters.JUnitReportReporter -->
<testsuite skipped="0" hostname="DESKTOP-KM30SPA" name="testCasesOfTricentisAutomationModule.TC_AM_EnterVehicleData_008" tests="1" failures="0" timestamp="2023-01-23T09:53:47 IST" time="5.850" errors="0">
  <testcase name="make" time="5.850" classname="testCasesOfTricentisAutomationModule.TC_AM_EnterVehicleData_008"/>
  <system-out>
Automobile module page is displayed successfully This field is mandatory message displayed properly  </system-out>
</testsuite> <!-- testCasesOfTricentisAutomationModule.TC_AM_EnterVehicleData_008 -->
