<?xml version="1.0" encoding="UTF-8"?>
<!-- Generated by org.testng.reporters.JUnitReportReporter -->
<testsuite skipped="0" hostname="DESKTOP-KM30SPA" name="testCasesOfTricentisAutomationModule.TC_AM_EnterVehicleData_010" tests="7" failures="0" timestamp="2023-01-23T10:30:31 IST" time="14.606" errors="0">
  <testcase name="enginePerformance" time="2.703" classname="testCasesOfTricentisAutomationModule.TC_AM_EnterVehicleData_010"/>
  <system-out>
Automobile module page is displayed successfully  </system-out>
  <testcase name="enginePerformance" time="4.172" classname="testCasesOfTricentisAutomationModule.TC_AM_EnterVehicleData_010"/>
  <system-out>
Automobile module page is displayed successfully  </system-out>
  <testcase name="enginePerformance" time="0.809" classname="testCasesOfTricentisAutomationModule.TC_AM_EnterVehicleData_010"/>
  <system-out>
Automobile module page is displayed successfully  </system-out>
  <testcase name="enginePerformance" time="2.725" classname="testCasesOfTricentisAutomationModule.TC_AM_EnterVehicleData_010"/>
  <system-out>
Automobile module page is displayed successfully  </system-out>
  <testcase name="enginePerformance" time="2.538" classname="testCasesOfTricentisAutomationModule.TC_AM_EnterVehicleData_010"/>
  <system-out>
Automobile module page is displayed successfully  </system-out>
  <testcase name="enginePerformance" time="0.897" classname="testCasesOfTricentisAutomationModule.TC_AM_EnterVehicleData_010"/>
  <system-out>
Automobile module page is displayed successfully  </system-out>
  <testcase name="enginePerformance" time="0.762" classname="testCasesOfTricentisAutomationModule.TC_AM_EnterVehicleData_010"/>
  <system-out>
Automobile module page is displayed successfully  </system-out>
</testsuite> <!-- testCasesOfTricentisAutomationModule.TC_AM_EnterVehicleData_010 -->
