<?xml version="1.0" encoding="UTF-8"?>
<!-- Generated by org.testng.reporters.JUnitReportReporter -->
<testsuite skipped="0" hostname="DESKTOP-KM30SPA" name="testCasesOfTricentisAutomationModule.TC_AM_EnterVehicleData_006" tests="1" failures="0" timestamp="2023-01-23T09:44:44 IST" time="5.579" errors="0">
  <testcase name="make" time="5.579" classname="testCasesOfTricentisAutomationModule.TC_AM_EnterVehicleData_006"/>
  <system-out>
Automobile module page is displayed successfully – please select – Select an option message displayed properly  </system-out>
</testsuite> <!-- testCasesOfTricentisAutomationModule.TC_AM_EnterVehicleData_006 -->
