<?xml version="1.0" encoding="UTF-8"?>
<!-- Generated by org.testng.reporters.JUnitReportReporter -->
<testsuite skipped="0" hostname="DESKTOP-KM30SPA" name="testCasesOfTricentisAutomationModule.Tc" tests="1" failures="0" timestamp="2023-01-13T09:56:21 IST" time="9.362" errors="0">
  <testcase name="login" time="9.362" classname="testCasesOfTricentisAutomationModule.Tc"/>
  <system-out/>
</testsuite> <!-- testCasesOfTricentisAutomationModule.Tc -->
