<?xml version="1.0" encoding="UTF-8"?>
<!-- Generated by org.testng.reporters.JUnitReportReporter -->
<testsuite skipped="0" hostname="DESKTOP-KM30SPA" name="testCasesOfTricentisAutomationModule.TC_AM_EnterVehicleData_007" tests="1" failures="0" timestamp="2023-01-23T09:51:40 IST" time="6.193" errors="0">
  <testcase name="make" time="6.193" classname="testCasesOfTricentisAutomationModule.TC_AM_EnterVehicleData_007"/>
  <system-out>
Automobile module page is displayed successfully Engine Performance textbox Label is matched  </system-out>
</testsuite> <!-- testCasesOfTricentisAutomationModule.TC_AM_EnterVehicleData_007 -->
